nohup: ignoring input
Port mappings have been discarded because "host" network namespace mode does not support them
Port mappings have been discarded because "host" network namespace mode does not support them
Port mappings have been discarded because "host" network namespace mode does not support them
Port mappings have been discarded because "host" network namespace mode does not support them
Port mappings have been discarded because "host" network namespace mode does not support them
Port mappings have been discarded because "host" network namespace mode does not support them
time="2026-04-23T20:13:24Z" level=warning msg="Requested oom_score_adj=0 is lower than the current one, changing to 999"
time="2026-04-23T20:13:24Z" level=warning msg="Requested oom_score_adj=0 is lower than the current one, changing to 999"
time="2026-04-23T20:13:24Z" level=warning msg="Requested oom_score_adj=0 is lower than the current one, changing to 999"
time="2026-04-23T20:13:24Z" level=warning msg="Requested oom_score_adj=0 is lower than the current one, changing to 999"
time="2026-04-23T20:13:24Z" level=warning msg="Requested oom_score_adj=0 is lower than the current one, changing to 999"
time="2026-04-23T20:13:24Z" level=warning msg="Additional gid=1 is not present in the user namespace, skip setting it"
time="2026-04-23T20:13:24Z" level=warning msg="Additional gid=2 is not present in the user namespace, skip setting it"
time="2026-04-23T20:13:24Z" level=warning msg="Additional gid=3 is not present in the user namespace, skip setting it"
time="2026-04-23T20:13:24Z" level=warning msg="Additional gid=4 is not present in the user namespace, skip setting it"
time="2026-04-23T20:13:24Z" level=warning msg="Additional gid=6 is not present in the user namespace, skip setting it"
time="2026-04-23T20:13:24Z" level=warning msg="Additional gid=10 is not present in the user namespace, skip setting it"
time="2026-04-23T20:13:24Z" level=warning msg="Additional gid=11 is not present in the user namespace, skip setting it"
time="2026-04-23T20:13:24Z" level=warning msg="Additional gid=20 is not present in the user namespace, skip setting it"
time="2026-04-23T20:13:24Z" level=warning msg="Additional gid=26 is not present in the user namespace, skip setting it"
time="2026-04-23T20:13:24Z" level=warning msg="Additional gid=27 is not present in the user namespace, skip setting it"
time="2026-04-23T20:13:24Z" level=warning msg="Requested oom_score_adj=0 is lower than the current one, changing to 999"
time="2026-04-23T20:23:24Z" level=error msg="Waiting for container to exit: failed to wait for conmon to exit: cancelled by user"
time="2026-04-23T20:23:24Z" level=error msg="Stopping logger: hangup by client"
time="2026-04-23T20:36:41Z" level=error msg="Waiting for container to exit: failed to wait for conmon to exit: cancelled by user"
time="2026-04-23T20:36:42Z" level=error msg="Stopping logger: hangup by client"
time="2026-04-23T20:37:55Z" level=error msg="Waiting for container to exit: failed to wait for conmon to exit: cancelled by user"
time="2026-04-23T20:37:55Z" level=error msg="Stopping logger: hangup by client"
time="2026-04-23T22:30:04Z" level=warning msg="Requested oom_score_adj=0 is lower than the current one, changing to 999"
time="2026-04-23T22:30:51Z" level=warning msg="Requested oom_score_adj=0 is lower than the current one, changing to 999"
time="2026-04-23T22:35:30Z" level=error msg="Waiting for container to exit: failed to wait for conmon to exit: cancelled by user"
time="2026-04-23T22:35:30Z" level=error msg="Stopping logger: hangup by client"
